{"C:\\Users\\chris\\ssgs-projects\\ssgs-calc\\operazioni.js": {"path":"C:\\Users\\chris\\ssgs-projects\\ssgs-calc\\operazioni.js","statementMap":{"0":{"start":{"line":2,"column":4},"end":{"line":2,"column":17}},"1":{"start":{"line":5,"column":4},"end":{"line":5,"column":17}},"2":{"start":{"line":8,"column":4},"end":{"line":8,"column":27}},"3":{"start":{"line":8,"column":15},"end":{"line":8,"column":27}},"4":{"start":{"line":9,"column":4},"end":{"line":9,"column":17}},"5":{"start":{"line":12,"column":4},"end":{"line":12,"column":17}},"6":{"start":{"line":15,"column":4},"end":{"line":15,"column":25}},"7":{"start":{"line":18,"column":4},"end":{"line":18,"column":26}},"8":{"start":{"line":21,"column":4},"end":{"line":21,"column":24}},"9":{"start":{"line":21,"column":15},"end":{"line":21,"column":24}},"10":{"start":{"line":22,"column":4},"end":{"line":22,"column":14}},"11":{"start":{"line":25,"column":4},"end":{"line":25,"column":26}},"12":{"start":{"line":25,"column":14},"end":{"line":25,"column":26}},"13":{"start":{"line":26,"column":4},"end":{"line":26,"column":24}},"14":{"start":{"line":26,"column":15},"end":{"line":26,"column":24}},"15":{"start":{"line":27,"column":4},"end":{"line":27,"column":25}},"16":{"start":{"line":30,"column":0},"end":{"line":39,"column":2}}},"fnMap":{"0":{"name":"somma","decl":{"start":{"line":1,"column":9},"end":{"line":1,"column":14}},"loc":{"start":{"line":1,"column":20},"end":{"line":3,"column":1}},"line":1},"1":{"name":"differenza","decl":{"start":{"line":4,"column":9},"end":{"line":4,"column":19}},"loc":{"start":{"line":4,"column":24},"end":{"line":6,"column":1}},"line":4},"2":{"name":"divisione","decl":{"start":{"line":7,"column":9},"end":{"line":7,"column":18}},"loc":{"start":{"line":7,"column":23},"end":{"line":10,"column":1}},"line":7},"3":{"name":"moltiplicazione","decl":{"start":{"line":11,"column":9},"end":{"line":11,"column":24}},"loc":{"start":{"line":11,"column":29},"end":{"line":13,"column":1}},"line":11},"4":{"name":"pow","decl":{"start":{"line":14,"column":9},"end":{"line":14,"column":12}},"loc":{"start":{"line":14,"column":17},"end":{"line":16,"column":1}},"line":14},"5":{"name":"sign","decl":{"start":{"line":17,"column":9},"end":{"line":17,"column":13}},"loc":{"start":{"line":17,"column":17},"end":{"line":19,"column":1}},"line":17},"6":{"name":"swapsign","decl":{"start":{"line":20,"column":9},"end":{"line":20,"column":17}},"loc":{"start":{"line":20,"column":20},"end":{"line":23,"column":1}},"line":20},"7":{"name":"fact","decl":{"start":{"line":24,"column":9},"end":{"line":24,"column":13}},"loc":{"start":{"line":24,"column":16},"end":{"line":28,"column":1}},"line":24}},"branchMap":{"0":{"loc":{"start":{"line":8,"column":4},"end":{"line":8,"column":27}},"type":"if","locations":[{"start":{"line":8,"column":4},"end":{"line":8,"column":27}},{"start":{},"end":{}}],"line":8},"1":{"loc":{"start":{"line":18,"column":11},"end":{"line":18,"column":25}},"type":"cond-expr","locations":[{"start":{"line":18,"column":19},"end":{"line":18,"column":20}},{"start":{"line":18,"column":23},"end":{"line":18,"column":25}}],"line":18},"2":{"loc":{"start":{"line":21,"column":4},"end":{"line":21,"column":24}},"type":"if","locations":[{"start":{"line":21,"column":4},"end":{"line":21,"column":24}},{"start":{},"end":{}}],"line":21},"3":{"loc":{"start":{"line":25,"column":4},"end":{"line":25,"column":26}},"type":"if","locations":[{"start":{"line":25,"column":4},"end":{"line":25,"column":26}},{"start":{},"end":{}}],"line":25},"4":{"loc":{"start":{"line":26,"column":4},"end":{"line":26,"column":24}},"type":"if","locations":[{"start":{"line":26,"column":4},"end":{"line":26,"column":24}},{"start":{},"end":{}}],"line":26}},"s":{"0":3,"1":3,"2":3,"3":1,"4":2,"5":3,"6":3,"7":2,"8":3,"9":1,"10":2,"11":8,"12":1,"13":7,"14":2,"15":5,"16":8},"f":{"0":3,"1":3,"2":3,"3":3,"4":3,"5":2,"6":3,"7":8},"b":{"0":[1,2],"1":[1,1],"2":[1,2],"3":[1,7],"4":[2,5]},"_coverageSchema":"1a1c01bbd47fc00a2c39e90264f33305004495a9","hash":"019ef5b8e238db243c69cf84c1c80dda52abdee6"}
}
