TN:
SF:operazioni.js
FN:1,somma
FN:4,differenza
FN:7,divisione
FN:11,moltiplicazione
FN:14,pow
FN:17,sign
FN:20,swapsign
FN:24,fact
FNF:8
FNH:8
FNDA:3,somma
FNDA:3,differenza
FNDA:3,divisione
FNDA:3,moltiplicazione
FNDA:3,pow
FNDA:2,sign
FNDA:3,swapsign
FNDA:8,fact
DA:2,3
DA:5,3
DA:8,3
DA:9,2
DA:12,3
DA:15,3
DA:18,2
DA:21,3
DA:22,2
DA:25,8
DA:26,7
DA:27,5
DA:30,8
LF:13
LH:13
BRDA:8,0,0,1
BRDA:8,0,1,2
BRDA:18,1,0,1
BRDA:18,1,1,1
BRDA:21,2,0,1
BRDA:21,2,1,2
BRDA:25,3,0,1
BRDA:25,3,1,7
BRDA:26,4,0,2
BRDA:26,4,1,5
BRF:10
BRH:10
end_of_record
